#
# There is insufficient memory for the Java Runtime Environment to continue.
# Native memory allocation (malloc) failed to allocate 32744 bytes for ChunkPool::allocate
# Possible reasons:
#   The system is out of physical RAM or swap space
#   The process is running with CompressedOops enabled, and the Java Heap may be blocking the growth of the native heap
# Possible solutions:
#   Reduce memory load on the system
#   Increase physical memory or swap space
#   Check if swap backing store is full
#   Decrease Java heap size (-Xmx/-Xms)
#   Decrease number of Java threads
#   Decrease Java thread stack sizes (-Xss)
#   Set larger code cache with -XX:ReservedCodeCacheSize=
#   JVM is running with Unscaled Compressed Oops mode in which the Java heap is
#     placed in the first 4GB address space. The Java Heap base address is the
#     maximum limit for the native heap growth. Please use -XX:HeapBaseMinAddress
#     to set the Java Heap base and to place the Java Heap above 4GB virtual address.
# This output file may be truncated or incomplete.
#
#  Out of Memory Error (allocation.cpp:272), pid=26452, tid=0x0000000000005674
#
# JRE version: Java(TM) SE Runtime Environment (8.0_231-b11) (build 1.8.0_231-b11)
# Java VM: Java HotSpot(TM) 64-Bit Server VM (25.231-b11 mixed mode windows-amd64 compressed oops)
# Failed to write core dump. Minidumps are not enabled by default on client versions of Windows
#

---------------  T H R E A D  ---------------

Current thread (0x0000000017318000):  JavaThread "C2 CompilerThread1" daemon [_thread_in_native, id=22132, stack(0x0000000018e40000,0x0000000018f40000)]

Stack: [0x0000000018e40000,0x0000000018f40000]
[error occurred during error reporting (printing stack bounds), id 0xc0000005]

Native frames: (J=compiled Java code, j=interpreted, Vv=VM code, C=native code)


Current CompileTask:
C2:   6775 1540   !   4       java.lang.ClassLoader::loadClass (122 bytes)


---------------  P R O C E S S  ---------------

Java Threads: ( => current thread )
  0x000000001a43a000 JavaThread "background-preinit" [_thread_in_native, id=13872, stack(0x000000001aec0000,0x000000001afc0000)]
  0x0000000018710000 JavaThread "Service Thread" daemon [_thread_blocked, id=15568, stack(0x0000000019040000,0x0000000019140000)]
  0x000000001732e000 JavaThread "C1 CompilerThread2" daemon [_thread_blocked, id=24636, stack(0x0000000018f40000,0x0000000019040000)]
=>0x0000000017318000 JavaThread "C2 CompilerThread1" daemon [_thread_in_native, id=22132, stack(0x0000000018e40000,0x0000000018f40000)]
  0x0000000017315000 JavaThread "C2 CompilerThread0" daemon [_thread_blocked, id=19784, stack(0x0000000018d40000,0x0000000018e40000)]
  0x0000000017311800 JavaThread "Monitor Ctrl-Break" daemon [_thread_in_native, id=22376, stack(0x0000000018c40000,0x0000000018d40000)]
  0x00000000172f9000 JavaThread "Attach Listener" daemon [_thread_blocked, id=23584, stack(0x0000000018b40000,0x0000000018c40000)]
  0x00000000172e5000 JavaThread "Signal Dispatcher" daemon [_thread_blocked, id=12704, stack(0x0000000018a40000,0x0000000018b40000)]
  0x000000000272b000 JavaThread "Finalizer" daemon [_thread_blocked, id=15564, stack(0x0000000018540000,0x0000000018640000)]
  0x0000000002728000 JavaThread "Reference Handler" daemon [_thread_blocked, id=18408, stack(0x0000000018440000,0x0000000018540000)]
  0x0000000002639000 JavaThread "main" [_thread_in_Java, id=25264, stack(0x0000000002450000,0x0000000002550000)]

Other Threads:
  0x0000000017297000 VMThread [stack: 0x0000000018340000,0x0000000018440000] [id=23540]
  0x0000000018714800 WatcherThread [stack: 0x0000000019140000,0x0000000019240000] [id=1596]

VM state:not at safepoint (normal execution)

VM Mutex/Monitor currently owned by a thread: None

heap address: 0x0000000082800000, size: 2008 MB, Compressed Oops mode: 32-bit
Narrow klass base: 0x0000000000000000, Narrow klass shift: 3
Compressed class space size: 1073741824 Address: 0x0000000100000000

Heap:
 PSYoungGen      total 37888K, used 29265K [0x00000000d6300000, 0x00000000d8d00000, 0x0000000100000000)
  eden space 32768K, 73% used [0x00000000d6300000,0x00000000d7a96548,0x00000000d8300000)
  from space 5120K, 99% used [0x00000000d8800000,0x00000000d8cfe030,0x00000000d8d00000)
  to   space 5120K, 0% used [0x00000000d8300000,0x00000000d8300000,0x00000000d8800000)
 ParOldGen       total 86016K, used 2177K [0x0000000082800000, 0x0000000087c00000, 0x00000000d6300000)
  object space 86016K, 2% used [0x0000000082800000,0x0000000082a20778,0x0000000087c00000)
 Metaspace       used 19637K, capacity 20384K, committed 20736K, reserved 1067008K
  class space    used 2575K, capacity 2738K, committed 2816K, reserved 1048576K

Card table byte_map: [0x0000000011bf0000,0x0000000011fe0000] byte_map_base: 0x00000000117dc000

Marking Bits: (ParMarkBitMap*) 0x0000000075736d90
 Begin Bits: [0x0000000012680000, 0x00000000145e0000)
 End Bits:   [0x00000000145e0000, 0x0000000016540000)

Polling page: 0x00000000007f0000

CodeCache: size=245760Kb used=5333Kb max_used=5345Kb free=240426Kb
 bounds [0x0000000002830000, 0x0000000002d70000, 0x0000000011830000]
 total_blobs=1908 nmethods=1532 adapters=288
 compilation: enabled

Compilation events (10 events):
Event: 6.586 Thread 0x000000001732e000 nmethod 1533 0x0000000002d65610 code [0x0000000002d65780, 0x0000000002d65968]
Event: 6.586 Thread 0x000000001732e000 1536       1       org.springframework.core.annotation.AnnotationTypeMapping$MirrorSets::access$400 (5 bytes)
Event: 6.586 Thread 0x000000001732e000 nmethod 1536 0x0000000002d65a10 code [0x0000000002d65b60, 0x0000000002d65c50]
Event: 6.586 Thread 0x000000001732e000 1537       1       org.springframework.core.annotation.AnnotationTypeMapping::getDistance (5 bytes)
Event: 6.586 Thread 0x000000001732e000 nmethod 1537 0x0000000002d65cd0 code [0x0000000002d65e20, 0x0000000002d65f30]
Event: 6.586 Thread 0x0000000017318000 1538       4       java.util.HashSet::contains (9 bytes)
Event: 6.597 Thread 0x0000000017318000 nmethod 1538 0x0000000002d69150 code [0x0000000002d692e0, 0x0000000002d69858]
Event: 6.681 Thread 0x0000000017315000 1539       4       java.io.File::isInvalid (47 bytes)
Event: 6.686 Thread 0x0000000017315000 nmethod 1539 0x0000000002d69e90 code [0x0000000002d69fe0, 0x0000000002d6a1d8]
Event: 6.730 Thread 0x0000000017318000 1540   !   4       java.lang.ClassLoader::loadClass (122 bytes)

GC Heap History (8 events):
Event: 3.154 GC heap before
{Heap before GC invocations=1 (full 0):
 PSYoungGen      total 37888K, used 32768K [0x00000000d6300000, 0x00000000d8d00000, 0x0000000100000000)
  eden space 32768K, 100% used [0x00000000d6300000,0x00000000d8300000,0x00000000d8300000)
  from space 5120K, 0% used [0x00000000d8800000,0x00000000d8800000,0x00000000d8d00000)
  to   space 5120K, 0% used [0x00000000d8300000,0x00000000d8300000,0x00000000d8800000)
 ParOldGen       total 86016K, used 0K [0x0000000082800000, 0x0000000087c00000, 0x00000000d6300000)
  object space 86016K, 0% used [0x0000000082800000,0x0000000082800000,0x0000000087c00000)
 Metaspace       used 8418K, capacity 8670K, committed 8832K, reserved 1056768K
  class space    used 973K, capacity 1061K, committed 1152K, reserved 1048576K
Event: 3.174 GC heap after
Heap after GC invocations=1 (full 0):
 PSYoungGen      total 37888K, used 4233K [0x00000000d6300000, 0x00000000d8d00000, 0x0000000100000000)
  eden space 32768K, 0% used [0x00000000d6300000,0x00000000d6300000,0x00000000d8300000)
  from space 5120K, 82% used [0x00000000d8300000,0x00000000d87227c0,0x00000000d8800000)
  to   space 5120K, 0% used [0x00000000d8800000,0x00000000d8800000,0x00000000d8d00000)
 ParOldGen       total 86016K, used 8K [0x0000000082800000, 0x0000000087c00000, 0x00000000d6300000)
  object space 86016K, 0% used [0x0000000082800000,0x0000000082802000,0x0000000087c00000)
 Metaspace       used 8418K, capacity 8670K, committed 8832K, reserved 1056768K
  class space    used 973K, capacity 1061K, committed 1152K, reserved 1048576K
}
Event: 4.185 GC heap before
{Heap before GC invocations=2 (full 0):
 PSYoungGen      total 37888K, used 37001K [0x00000000d6300000, 0x00000000d8d00000, 0x0000000100000000)
  eden space 32768K, 100% used [0x00000000d6300000,0x00000000d8300000,0x00000000d8300000)
  from space 5120K, 82% used [0x00000000d8300000,0x00000000d87227c0,0x00000000d8800000)
  to   space 5120K, 0% used [0x00000000d8800000,0x00000000d8800000,0x00000000d8d00000)
 ParOldGen       total 86016K, used 8K [0x0000000082800000, 0x0000000087c00000, 0x00000000d6300000)
  object space 86016K, 0% used [0x0000000082800000,0x0000000082802000,0x0000000087c00000)
 Metaspace       used 11663K, capacity 12060K, committed 12288K, reserved 1060864K
  class space    used 1390K, capacity 1504K, committed 1536K, reserved 1048576K
Event: 4.193 GC heap after
Heap after GC invocations=2 (full 0):
 PSYoungGen      total 37888K, used 5028K [0x00000000d6300000, 0x00000000d8d00000, 0x0000000100000000)
  eden space 32768K, 0% used [0x00000000d6300000,0x00000000d6300000,0x00000000d8300000)
  from space 5120K, 98% used [0x00000000d8800000,0x00000000d8ce93a8,0x00000000d8d00000)
  to   space 5120K, 0% used [0x00000000d8300000,0x00000000d8300000,0x00000000d8800000)
 ParOldGen       total 86016K, used 16K [0x0000000082800000, 0x0000000087c00000, 0x00000000d6300000)
  object space 86016K, 0% used [0x0000000082800000,0x0000000082804000,0x0000000087c00000)
 Metaspace       used 11663K, capacity 12060K, committed 12288K, reserved 1060864K
  class space    used 1390K, capacity 1504K, committed 1536K, reserved 1048576K
}
Event: 5.557 GC heap before
{Heap before GC invocations=3 (full 0):
 PSYoungGen      total 37888K, used 37796K [0x00000000d6300000, 0x00000000d8d00000, 0x0000000100000000)
  eden space 32768K, 100% used [0x00000000d6300000,0x00000000d8300000,0x00000000d8300000)
  from space 5120K, 98% used [0x00000000d8800000,0x00000000d8ce93a8,0x00000000d8d00000)
  to   space 5120K, 0% used [0x00000000d8300000,0x00000000d8300000,0x00000000d8800000)
 ParOldGen       total 86016K, used 16K [0x0000000082800000, 0x0000000087c00000, 0x00000000d6300000)
  object space 86016K, 0% used [0x0000000082800000,0x0000000082804000,0x0000000087c00000)
 Metaspace       used 15278K, capacity 15896K, committed 16256K, reserved 1062912K
  class space    used 1896K, capacity 2054K, committed 2176K, reserved 1048576K
Event: 5.574 GC heap after
Heap after GC invocations=3 (full 0):
 PSYoungGen      total 37888K, used 5088K [0x00000000d6300000, 0x00000000d8d00000, 0x0000000100000000)
  eden space 32768K, 0% used [0x00000000d6300000,0x00000000d6300000,0x00000000d8300000)
  from space 5120K, 99% used [0x00000000d8300000,0x00000000d87f8190,0x00000000d8800000)
  to   space 5120K, 0% used [0x00000000d8800000,0x00000000d8800000,0x00000000d8d00000)
 ParOldGen       total 86016K, used 1027K [0x0000000082800000, 0x0000000087c00000, 0x00000000d6300000)
  object space 86016K, 1% used [0x0000000082800000,0x0000000082900c10,0x0000000087c00000)
 Metaspace       used 15278K, capacity 15896K, committed 16256K, reserved 1062912K
  class space    used 1896K, capacity 2054K, committed 2176K, reserved 1048576K
}
Event: 6.278 GC heap before
{Heap before GC invocations=4 (full 0):
 PSYoungGen      total 37888K, used 37856K [0x00000000d6300000, 0x00000000d8d00000, 0x0000000100000000)
  eden space 32768K, 100% used [0x00000000d6300000,0x00000000d8300000,0x00000000d8300000)
  from space 5120K, 99% used [0x00000000d8300000,0x00000000d87f8190,0x00000000d8800000)
  to   space 5120K, 0% used [0x00000000d8800000,0x00000000d8800000,0x00000000d8d00000)
 ParOldGen       total 86016K, used 1027K [0x0000000082800000, 0x0000000087c00000, 0x00000000d6300000)
  object space 86016K, 1% used [0x0000000082800000,0x0000000082900c10,0x0000000087c00000)
 Metaspace       used 17405K, capacity 18106K, committed 18432K, reserved 1064960K
  class space    used 2302K, capacity 2475K, committed 2560K, reserved 1048576K
Event: 6.301 GC heap after
Heap after GC invocations=4 (full 0):
 PSYoungGen      total 37888K, used 5112K [0x00000000d6300000, 0x00000000d8d00000, 0x0000000100000000)
  eden space 32768K, 0% used [0x00000000d6300000,0x00000000d6300000,0x00000000d8300000)
  from space 5120K, 99% used [0x00000000d8800000,0x00000000d8cfe030,0x00000000d8d00000)
  to   space 5120K, 0% used [0x00000000d8300000,0x00000000d8300000,0x00000000d8800000)
 ParOldGen       total 86016K, used 2177K [0x0000000082800000, 0x0000000087c00000, 0x00000000d6300000)
  object space 86016K, 2% used [0x0000000082800000,0x0000000082a20778,0x0000000087c00000)
 Metaspace       used 17405K, capacity 18106K, committed 18432K, reserved 1064960K
  class space    used 2302K, capacity 2475K, committed 2560K, reserved 1048576K
}

Deoptimization events (10 events):
Event: 5.444 Thread 0x0000000002639000 Uncommon trap: reason=unstable_if action=reinterpret pc=0x0000000002c8853c method=java.util.concurrent.ConcurrentHashMap.addCount(JI)V @ 168
Event: 5.913 Thread 0x0000000002639000 Uncommon trap: reason=unstable_if action=reinterpret pc=0x0000000002ce7898 method=org.springframework.boot.context.properties.source.ConfigurationPropertyName$ElementsParser.isAlpha(C)Z @ 9
Event: 6.156 Thread 0x0000000002639000 Uncommon trap: reason=unstable_if action=reinterpret pc=0x0000000002c7379c method=java.net.URL.<init>(Ljava/net/URL;Ljava/lang/String;Ljava/net/URLStreamHandler;)V @ 347
Event: 6.390 Thread 0x0000000002639000 Uncommon trap: reason=class_check action=maybe_recompile pc=0x0000000002cfdd7c method=java.util.HashSet.contains(Ljava/lang/Object;)Z @ 5
Event: 6.390 Thread 0x0000000002639000 Uncommon trap: reason=class_check action=maybe_recompile pc=0x0000000002cfdd7c method=java.util.HashSet.contains(Ljava/lang/Object;)Z @ 5
Event: 6.421 Thread 0x000000001a43a000 Uncommon trap: reason=bimorphic action=maybe_recompile pc=0x0000000002bb9fd4 method=java.util.HashMap.putVal(ILjava/lang/Object;Ljava/lang/Object;ZZ)Ljava/lang/Object; @ 203
Event: 6.426 Thread 0x000000001a43a000 Uncommon trap: reason=bimorphic action=maybe_recompile pc=0x0000000002bb9fd4 method=java.util.HashMap.putVal(ILjava/lang/Object;Ljava/lang/Object;ZZ)Ljava/lang/Object; @ 203
Event: 6.433 Thread 0x000000001a43a000 Uncommon trap: reason=bimorphic action=maybe_recompile pc=0x0000000002bb9fd4 method=java.util.HashMap.putVal(ILjava/lang/Object;Ljava/lang/Object;ZZ)Ljava/lang/Object; @ 203
Event: 6.436 Thread 0x0000000002639000 Uncommon trap: reason=class_check action=maybe_recompile pc=0x0000000002cfdd7c method=java.util.HashSet.contains(Ljava/lang/Object;)Z @ 5
Event: 6.467 Thread 0x0000000002639000 Uncommon trap: reason=class_check action=maybe_recompile pc=0x0000000002cfdd7c method=java.util.HashSet.contains(Ljava/lang/Object;)Z @ 5

Classes redefined (0 events):
No events

Internal exceptions (10 events):
Event: 3.525 Thread 0x0000000002639000 Exception <a 'java/lang/NoSuchMethodError': java.lang.Object.lambda$comparing$77a9974f$1(Ljava/util/function/Function;Ljava/lang/Object;Ljava/lang/Object;)I> (0x00000000d6ca0c30) thrown at [C:\re\workspace\8-2-build-windows-amd64-cygwin\jdk8u231\13620\hot
Event: 3.792 Thread 0x0000000002639000 Exception <a 'java/lang/NoSuchMethodError': java.lang.Object.lambda$static$0(Ljava/lang/Object;)Ljava/lang/Object;> (0x00000000d73b2238) thrown at [C:\re\workspace\8-2-build-windows-amd64-cygwin\jdk8u231\13620\hotspot\src\share\vm\interpreter\linkResolver
Event: 3.825 Thread 0x0000000002639000 Exception <a 'java/lang/ArrayIndexOutOfBoundsException': 18> (0x00000000d75257a8) thrown at [C:\re\workspace\8-2-build-windows-amd64-cygwin\jdk8u231\13620\hotspot\src\share\vm\interpreter\interpreterRuntime.cpp, line 368]
Event: 3.826 Thread 0x0000000002639000 Exception <a 'java/lang/ArrayIndexOutOfBoundsException': 182> (0x00000000d7527d20) thrown at [C:\re\workspace\8-2-build-windows-amd64-cygwin\jdk8u231\13620\hotspot\src\share\vm\interpreter\interpreterRuntime.cpp, line 368]
Event: 3.826 Thread 0x0000000002639000 Exception <a 'java/lang/ArrayIndexOutOfBoundsException': 60> (0x00000000d752a0b8) thrown at [C:\re\workspace\8-2-build-windows-amd64-cygwin\jdk8u231\13620\hotspot\src\share\vm\interpreter\interpreterRuntime.cpp, line 368]
Event: 5.008 Thread 0x0000000002639000 Exception <a 'java/lang/NoSuchMethodError': java.lang.Object.lambda$chars$0()Ljava/util/Spliterator$OfInt;> (0x00000000d6e2e8c8) thrown at [C:\re\workspace\8-2-build-windows-amd64-cygwin\jdk8u231\13620\hotspot\src\share\vm\interpreter\linkResolver.cpp, li
Event: 5.377 Thread 0x0000000002639000 Implicit null exception at 0x0000000002ad2a15 to 0x0000000002ad2c11
Event: 5.498 Thread 0x0000000002639000 Exception <a 'java/lang/NoSuchMethodError': java.lang.Object.lambda$comparingByKey$6d558cbf$1(Ljava/util/Comparator;Ljava/util/Map$Entry;Ljava/util/Map$Entry;)I> (0x00000000d7f90390) thrown at [C:\re\workspace\8-2-build-windows-amd64-cygwin\jdk8u231\13620
Event: 6.359 Thread 0x0000000002639000 Exception <a 'java/io/FileNotFoundException'> (0x00000000d68d9cc8) thrown at [C:\re\workspace\8-2-build-windows-amd64-cygwin\jdk8u231\13620\hotspot\src\share\vm\prims\jni.cpp, line 710]
Event: 6.589 Thread 0x0000000002639000 Exception <a 'java/lang/NoSuchMethodError': java.lang.Object.lambda$getAnnotationTypes$0(Lorg/springframework/core/annotation/MergedAnnotation;)Ljava/lang/String;> (0x00000000d7896360) thrown at [C:\re\workspace\8-2-build-windows-amd64-cygwin\jdk8u231\136

Events (10 events):
Event: 6.725 loading class com/fasterxml/jackson/databind/introspect/ClassIntrospector
Event: 6.725 loading class com/fasterxml/jackson/databind/introspect/ClassIntrospector done
Event: 6.726 loading class com/fasterxml/jackson/databind/introspect/BasicClassIntrospector
Event: 6.726 loading class com/fasterxml/jackson/databind/introspect/BasicClassIntrospector done
Event: 6.727 loading class com/fasterxml/jackson/databind/JsonNode
Event: 6.727 loading class com/fasterxml/jackson/databind/JsonNode done
Event: 6.729 loading class com/fasterxml/jackson/core/TreeNode
Event: 6.729 loading class com/fasterxml/jackson/core/TreeNode done
Event: 6.730 loading class com/fasterxml/jackson/databind/JsonSerializable$Base
Event: 6.730 loading class com/fasterxml/jackson/databind/JsonSerializable$Base done


Dynamic libraries:
0x00007ff7737d0000 - 0x00007ff773807000 	C:\Program Files\Java\jdk1.8.0_231\bin\java.exe
0x00007ffa4bf00000 - 0x00007ffa4c0f0000 	C:\WINDOWS\SYSTEM32\ntdll.dll
0x00007ffa4b930000 - 0x00007ffa4b9e2000 	C:\WINDOWS\System32\KERNEL32.DLL
0x00007ffa49730000 - 0x00007ffa499d3000 	C:\WINDOWS\System32\KERNELBASE.dll
0x00007ffa4b790000 - 0x00007ffa4b833000 	C:\WINDOWS\System32\ADVAPI32.dll
0x00007ffa4b580000 - 0x00007ffa4b61e000 	C:\WINDOWS\System32\msvcrt.dll
0x00007ffa4b620000 - 0x00007ffa4b6b7000 	C:\WINDOWS\System32\sechost.dll
0x00007ffa4a1b0000 - 0x00007ffa4a2d0000 	C:\WINDOWS\System32\RPCRT4.dll
0x00007ffa4ace0000 - 0x00007ffa4ae74000 	C:\WINDOWS\System32\USER32.dll
0x00007ffa49b30000 - 0x00007ffa49b51000 	C:\WINDOWS\System32\win32u.dll
0x00007ffa4a160000 - 0x00007ffa4a186000 	C:\WINDOWS\System32\GDI32.dll
0x00007ffa49c30000 - 0x00007ffa49dc4000 	C:\WINDOWS\System32\gdi32full.dll
0x00007ffa49690000 - 0x00007ffa4972e000 	C:\WINDOWS\System32\msvcp_win.dll
0x00007ffa49e20000 - 0x00007ffa49f1a000 	C:\WINDOWS\System32\ucrtbase.dll
0x00007ffa48200000 - 0x00007ffa48485000 	C:\WINDOWS\WinSxS\amd64_microsoft.windows.common-controls_6595b64144ccf1df_6.0.18362.778_none_e6c6b761130d4fb8\COMCTL32.dll
0x00007ffa4a930000 - 0x00007ffa4ac66000 	C:\WINDOWS\System32\combase.dll
0x00007ffa49610000 - 0x00007ffa49690000 	C:\WINDOWS\System32\bcryptPrimitives.dll
0x00007ffa4be90000 - 0x00007ffa4bebe000 	C:\WINDOWS\System32\IMM32.DLL
0x0000000076bd0000 - 0x0000000076ca2000 	C:\Program Files\Java\jdk1.8.0_231\jre\bin\msvcr100.dll
0x0000000074f10000 - 0x00000000757b6000 	C:\Program Files\Java\jdk1.8.0_231\jre\bin\server\jvm.dll
0x00007ffa4a380000 - 0x00007ffa4a388000 	C:\WINDOWS\System32\PSAPI.DLL
0x00007ffa44b60000 - 0x00007ffa44b84000 	C:\WINDOWS\SYSTEM32\WINMM.dll
0x00007ffa34570000 - 0x00007ffa3457a000 	C:\WINDOWS\SYSTEM32\VERSION.dll
0x00007ffa31550000 - 0x00007ffa31559000 	C:\WINDOWS\SYSTEM32\WSOCK32.dll
0x00007ffa4ac70000 - 0x00007ffa4acdf000 	C:\WINDOWS\System32\WS2_32.dll
0x00007ffa44b30000 - 0x00007ffa44b5d000 	C:\WINDOWS\SYSTEM32\WINMMBASE.dll
0x00007ffa49dd0000 - 0x00007ffa49e1a000 	C:\WINDOWS\System32\cfgmgr32.dll
0x00007ffa421a0000 - 0x00007ffa421af000 	C:\Program Files\Java\jdk1.8.0_231\jre\bin\verify.dll
0x00007ffa290e0000 - 0x00007ffa29109000 	C:\Program Files\Java\jdk1.8.0_231\jre\bin\java.dll
0x00007ffa245d0000 - 0x00007ffa245f3000 	C:\Program Files\Java\jdk1.8.0_231\jre\bin\instrument.dll
0x00007ffa28fe0000 - 0x00007ffa28ff6000 	C:\Program Files\Java\jdk1.8.0_231\jre\bin\zip.dll
0x00007ffa4ae80000 - 0x00007ffa4b565000 	C:\WINDOWS\System32\SHELL32.dll
0x00007ffa4b9f0000 - 0x00007ffa4ba99000 	C:\WINDOWS\System32\shcore.dll
0x00007ffa48e90000 - 0x00007ffa49610000 	C:\WINDOWS\System32\windows.storage.dll
0x00007ffa48e60000 - 0x00007ffa48e83000 	C:\WINDOWS\System32\profapi.dll
0x00007ffa48df0000 - 0x00007ffa48e3a000 	C:\WINDOWS\System32\powrprof.dll
0x00007ffa48dc0000 - 0x00007ffa48dd0000 	C:\WINDOWS\System32\UMPDC.dll
0x00007ffa4b6c0000 - 0x00007ffa4b712000 	C:\WINDOWS\System32\shlwapi.dll
0x00007ffa48e40000 - 0x00007ffa48e51000 	C:\WINDOWS\System32\kernel.appcore.dll
0x00007ffa49c10000 - 0x00007ffa49c27000 	C:\WINDOWS\System32\cryptsp.dll
0x00007ffa25890000 - 0x00007ffa258aa000 	D:\Software\IDEA\IntelliJ IDEA 2020.1.1\bin\breakgen64.dll
0x00007ffa28fc0000 - 0x00007ffa28fda000 	C:\Program Files\Java\jdk1.8.0_231\jre\bin\net.dll
0x00007ffa47f50000 - 0x00007ffa47fb7000 	C:\WINDOWS\system32\mswsock.dll
0x00007ffa258b0000 - 0x00007ffa258c2000 	C:\Program Files\Java\jdk1.8.0_231\jre\bin\nio.dll
0x00007ffa40ab0000 - 0x00007ffa40abd000 	C:\Program Files\Java\jdk1.8.0_231\jre\bin\management.dll
0x00007ffa26c20000 - 0x00007ffa26c36000 	C:\WINDOWS\system32\napinsp.dll
0x00007ffa26c00000 - 0x00007ffa26c1a000 	C:\WINDOWS\system32\pnrpnsp.dll
0x00007ffa47ca0000 - 0x00007ffa47d6a000 	C:\WINDOWS\SYSTEM32\DNSAPI.dll
0x00007ffa4b780000 - 0x00007ffa4b788000 	C:\WINDOWS\System32\NSI.dll
0x00007ffa47c60000 - 0x00007ffa47c9a000 	C:\WINDOWS\SYSTEM32\IPHLPAPI.DLL
0x00007ffa2c930000 - 0x00007ffa2c93e000 	C:\WINDOWS\System32\winrnr.dll
0x00007ffa44580000 - 0x00007ffa4459c000 	C:\WINDOWS\system32\NLAapi.dll
0x00007ffa42610000 - 0x00007ffa42625000 	C:\WINDOWS\system32\wshbth.dll
0x00007ffa33de0000 - 0x00007ffa33dea000 	C:\Windows\System32\rasadhlp.dll
0x00007ffa38c70000 - 0x00007ffa38ce7000 	C:\WINDOWS\System32\fwpuclnt.dll
0x00007ffa49f20000 - 0x00007ffa49f46000 	C:\WINDOWS\System32\bcrypt.dll

VM Arguments:
jvm_args: -ea -Didea.test.cyclic.buffer.size=1048576 -javaagent:D:\Software\IDEA\IntelliJ IDEA 2020.1.1\lib\idea_rt.jar=51041:D:\Software\IDEA\IntelliJ IDEA 2020.1.1\bin -Dfile.encoding=UTF-8 
java_command: com.intellij.rt.junit.JUnitStarter -ideVersion5 -junit4 com.example.springboot.RetrieveTest,queryByTS
java_class_path (initial): D:\Software\IDEA\IntelliJ IDEA 2020.1.1\lib\idea_rt.jar;D:\Software\IDEA\IntelliJ IDEA 2020.1.1\plugins\junit\lib\junit5-rt.jar;D:\Software\IDEA\IntelliJ IDEA 2020.1.1\plugins\junit\lib\junit-rt.jar;C:\Program Files\Java\jdk1.8.0_231\jre\lib\charsets.jar;C:\Program Files\Java\jdk1.8.0_231\jre\lib\deploy.jar;C:\Program Files\Java\jdk1.8.0_231\jre\lib\ext\access-bridge-64.jar;C:\Program Files\Java\jdk1.8.0_231\jre\lib\ext\cldrdata.jar;C:\Program Files\Java\jdk1.8.0_231\jre\lib\ext\dnsns.jar;C:\Program Files\Java\jdk1.8.0_231\jre\lib\ext\jaccess.jar;C:\Program Files\Java\jdk1.8.0_231\jre\lib\ext\jfxrt.jar;C:\Program Files\Java\jdk1.8.0_231\jre\lib\ext\localedata.jar;C:\Program Files\Java\jdk1.8.0_231\jre\lib\ext\nashorn.jar;C:\Program Files\Java\jdk1.8.0_231\jre\lib\ext\sunec.jar;C:\Program Files\Java\jdk1.8.0_231\jre\lib\ext\sunjce_provider.jar;C:\Program Files\Java\jdk1.8.0_231\jre\lib\ext\sunmscapi.jar;C:\Program Files\Java\jdk1.8.0_231\jre\lib\ext\sunpkcs11.jar;C:\Program Files\Java\jdk1.8.0_231\jre\lib\ext\zipfs.jar;C:\Program Files\Java\jdk1.8.0_231\jre\lib\javaws.jar;C:\Program Files\Java\jdk1.8.0_231\jre\lib\jce.jar;C:\Program Files\Java\jdk1.8.0_231\jre\lib\jfr.jar;C:\Program Files\Java\jdk1.8.0_231\jre\lib\jfxswt.jar;C:\Program Files\Java\jdk1.8.0_231\jre\lib\jsse.jar;C:\Program Files\Java\jdk1.8.0_231\jre\lib\management-agent.jar;C:\Program Files\Java\jdk1.8.0_231\jre\lib\plugin.jar;C:\Program Files\Java\jdk1.8.0_231\jre\lib\resources.jar;C:\Program Files\Java\jdk1.8.0_231\jre\lib\rt.jar;C:\Users\75429\IdeaProjects\springboot\target\test-classes;C:\Users\75429\IdeaProjects\springboot\target\classes;C:\Users\75429\.m2\repository\com\baomidou\mybatis-plus-generator\3.3.1.tmp\mybatis-plus-generator-3.3.1.tmp.jar;C:\Users\75429\.m2\repository\com\baomidou\mybatis-plus-extension\3.3.1.tmp\mybatis-plus-extension-3.3.1.tmp.jar;C:\Users\75429\.m2\repository\com\baomidou\mybatis-plus-core\3.3.1.tmp\mybatis-plus-core-3.3.1.tmp.jar;C:\Users
Launcher Type: SUN_STANDARD

Environment Variables:
JAVA_HOME=C:\Program Files\Java\jdk-10.0.2
CLASSPATH=.;C:\Program Files\Java\jdk-10.0.2\lib\dt.jar;C:\Program Files\Java\jdk-10.0.2\lib\tools.jar;
PATH=C:\Program Files (x86)\Common Files\Oracle\Java\javapath;C:\Program Files (x86)\Intel\iCLS Client\;C:\Program Files\Intel\iCLS Client\;C:\WINDOWS\system32;C:\WINDOWS;C:\WINDOWS\System32\Wbem;C:\WINDOWS\System32\WindowsPowerShell\v1.0\;C:\Program Files (x86)\Intel\Intel(R) Management Engine Components\DAL;C:\Program Files\Intel\Intel(R) Management Engine Components\DAL;C:\Program Files (x86)\Intel\Intel(R) Management Engine Components\IPT;C:\Program Files\Intel\Intel(R) Management Engine Components\IPT;C:\WINDOWS\System32\OpenSSH\;C:\Program Files\Java\jdk-10.0.2\bin;C:\Program Files\Java\jdk-10.0.2\jre\bin;C:\Program Files\Intel\WiFi\bin\;C:\Program Files\Common Files\Intel\WirelessCommon\;C:\Users\75429\AppData\Local\Programs\Python;C:\Users\75429\AppData\Local\Programs\Inno Setup 6;D:\Software\Git\cmd;D:\Software\sqlite;C:\Users\75429\AppData\Local\Programs\Python\Python38\Scripts\;C:\Users\75429\AppData\Local\Programs\Python\Python38\;C:\Users\75429\AppData\Local\Microsoft\WindowsApps;C:\Program Files\JetBrains\IntelliJ IDEA Community Edition 2018.3.4\bin;C:\Users\75429\AppData\Local\BypassRuntm;D:\Software\DataGrip 2019.3.3\bin;D:\Software\Microsoft VS Code\bin;D:\Software\CLion 2019.3.4\bin;D:\Software\cygwin64\bin;D:\Software\PyCharm\PyCharm 2019.3.3\bin;D:\Software\IDEA\IntelliJ IDEA 2020.1.1\bin
USERNAME=75429
OS=Windows_NT
PROCESSOR_IDENTIFIER=Intel64 Family 6 Model 142 Stepping 9, GenuineIntel



---------------  S Y S T E M  ---------------

OS: Windows 10.0 , 64 bit Build 18362 (10.0.18362.778)

CPU:total 4 (initial active 4) (2 cores per cpu, 2 threads per core) family 6 model 142 stepping 9, cmov, cx8, fxsr, mmx, sse, sse2, sse3, ssse3, sse4.1, sse4.2, popcnt, avx, avx2, aes, clmul, erms, 3dnowpref, lzcnt, ht, tsc, tscinvbit, bmi1, bmi2, adx

Memory: 4k page, physical 8219368k(1526824k free), swap 18705124k(4784k free)

vm_info: Java HotSpot(TM) 64-Bit Server VM (25.231-b11) for windows-amd64 JRE (1.8.0_231-b11), built on Oct  5 2019 03:11:30 by "java_re" with MS VC++ 10.0 (VS2010)

time: Wed May 13 14:18:31 2020
timezone: 中国标准时间
elapsed time: 6 seconds (0d 0h 0m 6s)

