#
# There is insufficient memory for the Java Runtime Environment to continue.
# Native memory allocation (malloc) failed to allocate 553536 bytes for Chunk::new
# Possible reasons:
#   The system is out of physical RAM or swap space
#   The process is running with CompressedOops enabled, and the Java Heap may be blocking the growth of the native heap
# Possible solutions:
#   Reduce memory load on the system
#   Increase physical memory or swap space
#   Check if swap backing store is full
#   Decrease Java heap size (-Xmx/-Xms)
#   Decrease number of Java threads
#   Decrease Java thread stack sizes (-Xss)
#   Set larger code cache with -XX:ReservedCodeCacheSize=
#   JVM is running with Unscaled Compressed Oops mode in which the Java heap is
#     placed in the first 4GB address space. The Java Heap base address is the
#     maximum limit for the native heap growth. Please use -XX:HeapBaseMinAddress
#     to set the Java Heap base and to place the Java Heap above 4GB virtual address.
# This output file may be truncated or incomplete.
#
#  Out of Memory Error (allocation.cpp:389), pid=13676, tid=0x00000000000018e0
#
# JRE version: Java(TM) SE Runtime Environment (8.0_231-b11) (build 1.8.0_231-b11)
# Java VM: Java HotSpot(TM) 64-Bit Server VM (25.231-b11 mixed mode windows-amd64 compressed oops)
# Failed to write core dump. Minidumps are not enabled by default on client versions of Windows
#

---------------  T H R E A D  ---------------

Current thread (0x000000001815b800):  JavaThread "C2 CompilerThread1" daemon [_thread_in_native, id=6368, stack(0x0000000019c60000,0x0000000019d60000)]

Stack: [0x0000000019c60000,0x0000000019d60000]
[error occurred during error reporting (printing stack bounds), id 0xc0000005]

Native frames: (J=compiled Java code, j=interpreted, Vv=VM code, C=native code)


Current CompileTask:
C2:  17718 3322       4       org.springframework.asm.Frame::execute (2305 bytes)


---------------  P R O C E S S  ---------------

Java Threads: ( => current thread )
  0x000000001ab7a000 JavaThread "ForkJoinPool.commonPool-worker-3" daemon [_thread_blocked, id=464, stack(0x000000001f080000,0x000000001f180000)]
  0x000000001ab79800 JavaThread "ForkJoinPool.commonPool-worker-2" daemon [_thread_blocked, id=18184, stack(0x000000001ebf0000,0x000000001ecf0000)]
  0x000000001ab78800 JavaThread "ForkJoinPool.commonPool-worker-1" daemon [_thread_blocked, id=19328, stack(0x000000001bee0000,0x000000001bfe0000)]
  0x000000001c897800 JavaThread "mysql-cj-abandoned-connection-cleanup" daemon [_thread_blocked, id=13160, stack(0x000000001ed80000,0x000000001ee80000)]
  0x0000000019530800 JavaThread "Service Thread" daemon [_thread_blocked, id=3344, stack(0x0000000019e60000,0x0000000019f60000)]
  0x00000000194ee800 JavaThread "C1 CompilerThread2" daemon [_thread_blocked, id=21956, stack(0x0000000019d60000,0x0000000019e60000)]
=>0x000000001815b800 JavaThread "C2 CompilerThread1" daemon [_thread_in_native, id=6368, stack(0x0000000019c60000,0x0000000019d60000)]
  0x000000001815a800 JavaThread "C2 CompilerThread0" daemon [_thread_blocked, id=8944, stack(0x0000000019b60000,0x0000000019c60000)]
  0x0000000018159000 JavaThread "Monitor Ctrl-Break" daemon [_thread_in_native, id=15136, stack(0x0000000019a60000,0x0000000019b60000)]
  0x00000000194a3800 JavaThread "Attach Listener" daemon [_thread_blocked, id=19024, stack(0x0000000019960000,0x0000000019a60000)]
  0x0000000018126000 JavaThread "Signal Dispatcher" daemon [_thread_blocked, id=17484, stack(0x0000000019860000,0x0000000019960000)]
  0x00000000034cb000 JavaThread "Finalizer" daemon [_thread_blocked, id=12936, stack(0x0000000019360000,0x0000000019460000)]
  0x00000000034c8000 JavaThread "Reference Handler" daemon [_thread_blocked, id=15652, stack(0x0000000019260000,0x0000000019360000)]
  0x00000000033d9000 JavaThread "main" [_thread_in_vm, id=10136, stack(0x00000000032d0000,0x00000000033d0000)]

Other Threads:
  0x00000000180d7000 VMThread [stack: 0x0000000019160000,0x0000000019260000] [id=3452]
  0x0000000019534000 WatcherThread [stack: 0x0000000019f60000,0x000000001a060000] [id=17220]

VM state:not at safepoint (normal execution)

VM Mutex/Monitor currently owned by a thread: None

heap address: 0x0000000082800000, size: 2008 MB, Compressed Oops mode: 32-bit
Narrow klass base: 0x0000000000000000, Narrow klass shift: 3
Compressed class space size: 1073741824 Address: 0x0000000100000000

Heap:
 PSYoungGen      total 137728K, used 25586K [0x00000000d6300000, 0x00000000e1680000, 0x0000000100000000)
  eden space 129024K, 13% used [0x00000000d6300000,0x00000000d737e5b8,0x00000000de100000)
  from space 8704K, 99% used [0x00000000de100000,0x00000000de97e538,0x00000000de980000)
  to   space 10240K, 0% used [0x00000000e0c80000,0x00000000e0c80000,0x00000000e1680000)
 ParOldGen       total 54784K, used 9129K [0x0000000082800000, 0x0000000085d80000, 0x00000000d6300000)
  object space 54784K, 16% used [0x0000000082800000,0x00000000830ea4b0,0x0000000085d80000)
 Metaspace       used 33662K, capacity 35134K, committed 35456K, reserved 1079296K
  class space    used 4381K, capacity 4665K, committed 4736K, reserved 1048576K

Card table byte_map: [0x0000000012a30000,0x0000000012e20000] byte_map_base: 0x000000001261c000

Marking Bits: (ParMarkBitMap*) 0x0000000074eb6d90
 Begin Bits: [0x00000000134c0000, 0x0000000015420000)
 End Bits:   [0x0000000015420000, 0x0000000017380000)

Polling page: 0x0000000001630000

CodeCache: size=245760Kb used=11667Kb max_used=11679Kb free=234092Kb
 bounds [0x0000000003670000, 0x00000000041e0000, 0x0000000012670000]
 total_blobs=3753 nmethods=3315 adapters=349
 compilation: enabled

Compilation events (10 events):
Event: 17.701 Thread 0x00000000194ee800 nmethod 3341 0x00000000041d9b90 code [0x00000000041d9d20, 0x00000000041da208]
Event: 17.701 Thread 0x00000000194ee800 3342       3       java.util.concurrent.ConcurrentHashMap$EntryIterator::next (5 bytes)
Event: 17.702 Thread 0x00000000194ee800 nmethod 3342 0x00000000041da350 code [0x00000000041da4c0, 0x00000000041da6c8]
Event: 17.702 Thread 0x00000000194ee800 3343       3       java.util.concurrent.ConcurrentHashMap$MapEntry::<init> (20 bytes)
Event: 17.702 Thread 0x00000000194ee800 nmethod 3343 0x00000000041da750 code [0x00000000041da8a0, 0x00000000041daa90]
Event: 17.702 Thread 0x00000000194ee800 3344       1       java.lang.reflect.Field::getType (5 bytes)
Event: 17.702 Thread 0x00000000194ee800 nmethod 3344 0x00000000041dab50 code [0x00000000041daca0, 0x00000000041dadb0]
Event: 17.705 Thread 0x000000001815a800 nmethod 3340 0x00000000041ddcd0 code [0x00000000041dde20, 0x00000000041de0b8]
Event: 17.705 Thread 0x000000001815a800 3345       4       java.util.LinkedHashMap::keySet (25 bytes)
Event: 17.707 Thread 0x000000001815a800 nmethod 3345 0x00000000041de310 code [0x00000000041de460, 0x00000000041de558]

GC Heap History (10 events):
Event: 3.596 GC heap before
{Heap before GC invocations=4 (full 0):
 PSYoungGen      total 37888K, used 37887K [0x00000000d6300000, 0x00000000dad00000, 0x0000000100000000)
  eden space 32768K, 100% used [0x00000000d6300000,0x00000000d8300000,0x00000000d8300000)
  from space 5120K, 99% used [0x00000000d8300000,0x00000000d87ffde8,0x00000000d8800000)
  to   space 5120K, 0% used [0x00000000da800000,0x00000000da800000,0x00000000dad00000)
 ParOldGen       total 86016K, used 1125K [0x0000000082800000, 0x0000000087c00000, 0x00000000d6300000)
  object space 86016K, 1% used [0x0000000082800000,0x0000000082919488,0x0000000087c00000)
 Metaspace       used 17348K, capacity 18014K, committed 18176K, reserved 1064960K
  class space    used 2281K, capacity 2443K, committed 2560K, reserved 1048576K
Event: 3.608 GC heap after
Heap after GC invocations=4 (full 0):
 PSYoungGen      total 70656K, used 5109K [0x00000000d6300000, 0x00000000dad00000, 0x0000000100000000)
  eden space 65536K, 0% used [0x00000000d6300000,0x00000000d6300000,0x00000000da300000)
  from space 5120K, 99% used [0x00000000da800000,0x00000000dacfd6b8,0x00000000dad00000)
  to   space 5120K, 0% used [0x00000000da300000,0x00000000da300000,0x00000000da800000)
 ParOldGen       total 86016K, used 2450K [0x0000000082800000, 0x0000000087c00000, 0x00000000d6300000)
  object space 86016K, 2% used [0x0000000082800000,0x0000000082a64a88,0x0000000087c00000)
 Metaspace       used 17348K, capacity 18014K, committed 18176K, reserved 1064960K
  class space    used 2281K, capacity 2443K, committed 2560K, reserved 1048576K
}
Event: 4.053 GC heap before
{Heap before GC invocations=5 (full 0):
 PSYoungGen      total 70656K, used 37949K [0x00000000d6300000, 0x00000000dad00000, 0x0000000100000000)
  eden space 65536K, 50% used [0x00000000d6300000,0x00000000d8311e18,0x00000000da300000)
  from space 5120K, 99% used [0x00000000da800000,0x00000000dacfd6b8,0x00000000dad00000)
  to   space 5120K, 0% used [0x00000000da300000,0x00000000da300000,0x00000000da800000)
 ParOldGen       total 86016K, used 2450K [0x0000000082800000, 0x0000000087c00000, 0x00000000d6300000)
  object space 86016K, 2% used [0x0000000082800000,0x0000000082a64a88,0x0000000087c00000)
 Metaspace       used 20455K, capacity 21200K, committed 21296K, reserved 1067008K
  class space    used 2679K, capacity 2878K, committed 2944K, reserved 1048576K
Event: 4.065 GC heap after
Heap after GC invocations=5 (full 0):
 PSYoungGen      total 70656K, used 5098K [0x00000000d6300000, 0x00000000df400000, 0x0000000100000000)
  eden space 65536K, 0% used [0x00000000d6300000,0x00000000d6300000,0x00000000da300000)
  from space 5120K, 99% used [0x00000000da300000,0x00000000da7faab8,0x00000000da800000)
  to   space 8704K, 0% used [0x00000000deb80000,0x00000000deb80000,0x00000000df400000)
 ParOldGen       total 86016K, used 5086K [0x0000000082800000, 0x0000000087c00000, 0x00000000d6300000)
  object space 86016K, 5% used [0x0000000082800000,0x0000000082cf79f8,0x0000000087c00000)
 Metaspace       used 20455K, capacity 21200K, committed 21296K, reserved 1067008K
  class space    used 2679K, capacity 2878K, committed 2944K, reserved 1048576K
}
Event: 4.065 GC heap before
{Heap before GC invocations=6 (full 1):
 PSYoungGen      total 70656K, used 5098K [0x00000000d6300000, 0x00000000df400000, 0x0000000100000000)
  eden space 65536K, 0% used [0x00000000d6300000,0x00000000d6300000,0x00000000da300000)
  from space 5120K, 99% used [0x00000000da300000,0x00000000da7faab8,0x00000000da800000)
  to   space 8704K, 0% used [0x00000000deb80000,0x00000000deb80000,0x00000000df400000)
 ParOldGen       total 86016K, used 5086K [0x0000000082800000, 0x0000000087c00000, 0x00000000d6300000)
  object space 86016K, 5% used [0x0000000082800000,0x0000000082cf79f8,0x0000000087c00000)
 Metaspace       used 20455K, capacity 21200K, committed 21296K, reserved 1067008K
  class space    used 2679K, capacity 2878K, committed 2944K, reserved 1048576K
Event: 4.117 GC heap after
Heap after GC invocations=6 (full 1):
 PSYoungGen      total 70656K, used 0K [0x00000000d6300000, 0x00000000df400000, 0x0000000100000000)
  eden space 65536K, 0% used [0x00000000d6300000,0x00000000d6300000,0x00000000da300000)
  from space 5120K, 0% used [0x00000000da300000,0x00000000da300000,0x00000000da800000)
  to   space 8704K, 0% used [0x00000000deb80000,0x00000000deb80000,0x00000000df400000)
 ParOldGen       total 54784K, used 7564K [0x0000000082800000, 0x0000000085d80000, 0x00000000d6300000)
  object space 54784K, 13% used [0x0000000082800000,0x0000000082f63268,0x0000000085d80000)
 Metaspace       used 20455K, capacity 21200K, committed 21296K, reserved 1067008K
  class space    used 2679K, capacity 2878K, committed 2944K, reserved 1048576K
}
Event: 6.321 GC heap before
{Heap before GC invocations=7 (full 1):
 PSYoungGen      total 70656K, used 65536K [0x00000000d6300000, 0x00000000df400000, 0x0000000100000000)
  eden space 65536K, 100% used [0x00000000d6300000,0x00000000da300000,0x00000000da300000)
  from space 5120K, 0% used [0x00000000da300000,0x00000000da300000,0x00000000da800000)
  to   space 8704K, 0% used [0x00000000deb80000,0x00000000deb80000,0x00000000df400000)
 ParOldGen       total 54784K, used 7564K [0x0000000082800000, 0x0000000085d80000, 0x00000000d6300000)
  object space 54784K, 13% used [0x0000000082800000,0x0000000082f63268,0x0000000085d80000)
 Metaspace       used 24671K, capacity 25694K, committed 25728K, reserved 1071104K
  class space    used 3221K, capacity 3447K, committed 3456K, reserved 1048576K
Event: 6.335 GC heap after
Heap after GC invocations=7 (full 1):
 PSYoungGen      total 112128K, used 6524K [0x00000000d6300000, 0x00000000df200000, 0x0000000100000000)
  eden space 105472K, 0% used [0x00000000d6300000,0x00000000d6300000,0x00000000dca00000)
  from space 6656K, 98% used [0x00000000deb80000,0x00000000df1df1b8,0x00000000df200000)
  to   space 8704K, 0% used [0x00000000de100000,0x00000000de100000,0x00000000de980000)
 ParOldGen       total 54784K, used 7572K [0x0000000082800000, 0x0000000085d80000, 0x00000000d6300000)
  object space 54784K, 13% used [0x0000000082800000,0x0000000082f65268,0x0000000085d80000)
 Metaspace       used 24671K, capacity 25694K, committed 25728K, reserved 1071104K
  class space    used 3221K, capacity 3447K, committed 3456K, reserved 1048576K
}
Event: 17.281 GC heap before
{Heap before GC invocations=8 (full 1):
 PSYoungGen      total 112128K, used 111996K [0x00000000d6300000, 0x00000000df200000, 0x0000000100000000)
  eden space 105472K, 100% used [0x00000000d6300000,0x00000000dca00000,0x00000000dca00000)
  from space 6656K, 98% used [0x00000000deb80000,0x00000000df1df1b8,0x00000000df200000)
  to   space 8704K, 0% used [0x00000000de100000,0x00000000de100000,0x00000000de980000)
 ParOldGen       total 54784K, used 7572K [0x0000000082800000, 0x0000000085d80000, 0x00000000d6300000)
  object space 54784K, 13% used [0x0000000082800000,0x0000000082f65268,0x0000000085d80000)
 Metaspace       used 32841K, capacity 34276K, committed 34688K, reserved 1079296K
  class space    used 4310K, capacity 4622K, committed 4736K, reserved 1048576K
Event: 17.311 GC heap after
Heap after GC invocations=8 (full 1):
 PSYoungGen      total 137728K, used 8697K [0x00000000d6300000, 0x00000000e1680000, 0x0000000100000000)
  eden space 129024K, 0% used [0x00000000d6300000,0x00000000d6300000,0x00000000de100000)
  from space 8704K, 99% used [0x00000000de100000,0x00000000de97e538,0x00000000de980000)
  to   space 10240K, 0% used [0x00000000e0c80000,0x00000000e0c80000,0x00000000e1680000)
 ParOldGen       total 54784K, used 9129K [0x0000000082800000, 0x0000000085d80000, 0x00000000d6300000)
  object space 54784K, 16% used [0x0000000082800000,0x00000000830ea4b0,0x0000000085d80000)
 Metaspace       used 32841K, capacity 34276K, committed 34688K, reserved 1079296K
  class space    used 4310K, capacity 4622K, committed 4736K, reserved 1048576K
}

Deoptimization events (10 events):
Event: 9.355 Thread 0x00000000033d9000 Uncommon trap: reason=class_check action=maybe_recompile pc=0x0000000003c65c40 method=java.util.concurrent.ConcurrentHashMap.putVal(Ljava/lang/Object;Ljava/lang/Object;Z)Ljava/lang/Object; @ 192
Event: 9.379 Thread 0x00000000033d9000 Uncommon trap: reason=unstable_if action=reinterpret pc=0x0000000003fea430 method=org.springframework.beans.factory.support.DefaultSingletonBeanRegistry.getSingleton(Ljava/lang/String;Z)Ljava/lang/Object; @ 47
Event: 9.385 Thread 0x00000000033d9000 Uncommon trap: reason=class_check action=maybe_recompile pc=0x0000000003c65c40 method=java.util.concurrent.ConcurrentHashMap.putVal(Ljava/lang/Object;Ljava/lang/Object;Z)Ljava/lang/Object; @ 192
Event: 16.674 Thread 0x00000000033d9000 Uncommon trap: reason=unstable_if action=reinterpret pc=0x0000000003fb5d3c method=java.util.concurrent.ConcurrentHashMap.get(Ljava/lang/Object;)Ljava/lang/Object; @ 152
Event: 16.969 Thread 0x00000000033d9000 Uncommon trap: reason=unstable_if action=reinterpret pc=0x00000000038b4d40 method=java.lang.AbstractStringBuilder.append(Ljava/lang/String;)Ljava/lang/AbstractStringBuilder; @ 1
Event: 17.584 Thread 0x00000000033d9000 Uncommon trap: reason=class_check action=maybe_recompile pc=0x000000000407af1c method=org.springframework.beans.factory.support.AbstractBeanFactory.isTypeMatch(Ljava/lang/String;Lorg/springframework/core/ResolvableType;Z)Z @ 53
Event: 17.669 Thread 0x00000000033d9000 Uncommon trap: reason=unstable_if action=reinterpret pc=0x0000000003da4fc4 method=java.util.LinkedList.node(I)Ljava/util/LinkedList$Node; @ 19
Event: 17.684 Thread 0x00000000033d9000 Uncommon trap: reason=unstable_if action=reinterpret pc=0x00000000041b64ac method=org.springframework.asm.Frame.merge(Lorg/springframework/asm/SymbolTable;I[II)Z @ 22
Event: 17.700 Thread 0x00000000033d9000 Uncommon trap: reason=unstable_if action=reinterpret pc=0x00000000040b5bb8 method=org.springframework.aop.framework.autoproxy.AbstractAutoProxyCreator.predictBeanType(Ljava/lang/Class;Ljava/lang/String;)Ljava/lang/Class; @ 9
Event: 17.701 Thread 0x00000000033d9000 Uncommon trap: reason=class_check action=maybe_recompile pc=0x000000000407af1c method=org.springframework.beans.factory.support.AbstractBeanFactory.isTypeMatch(Ljava/lang/String;Lorg/springframework/core/ResolvableType;Z)Z @ 53

Classes redefined (0 events):
No events

Internal exceptions (10 events):
Event: 9.376 Thread 0x00000000033d9000 Exception <a 'java/lang/ClassNotFoundException': java/util/EventListenerCustomizer> (0x00000000db387d88) thrown at [C:\re\workspace\8-2-build-windows-amd64-cygwin\jdk8u231\13620\hotspot\src\share\vm\classfile\systemDictionary.cpp, line 210]
Event: 9.379 Thread 0x00000000033d9000 Exception <a 'java/lang/ClassNotFoundException': org/springframework/beans/factory/InitializingBeanCustomizer> (0x00000000db3a65c8) thrown at [C:\re\workspace\8-2-build-windows-amd64-cygwin\jdk8u231\13620\hotspot\src\share\vm\classfile\systemDictionary.cp
Event: 16.669 Thread 0x00000000033d9000 Exception <a 'java/lang/ClassNotFoundException': java/lang/ObjectCustomizer> (0x00000000dbc9ffa8) thrown at [C:\re\workspace\8-2-build-windows-amd64-cygwin\jdk8u231\13620\hotspot\src\share\vm\classfile\systemDictionary.cpp, line 210]
Event: 16.671 Thread 0x00000000033d9000 Exception <a 'java/lang/ClassNotFoundException': org/apache/ibatis/session/defaults/DefaultSqlSessionFactoryCustomizer> (0x00000000dbcc50c0) thrown at [C:\re\workspace\8-2-build-windows-amd64-cygwin\jdk8u231\13620\hotspot\src\share\vm\classfile\systemDict
Event: 16.673 Thread 0x00000000033d9000 Exception <a 'java/lang/ClassNotFoundException': org/apache/ibatis/session/SqlSessionFactoryCustomizer> (0x00000000dbce9c68) thrown at [C:\re\workspace\8-2-build-windows-amd64-cygwin\jdk8u231\13620\hotspot\src\share\vm\classfile\systemDictionary.cpp, line
Event: 16.705 Thread 0x00000000033d9000 Exception <a 'java/lang/ClassNotFoundException': java/lang/ObjectCustomizer> (0x00000000dbd8e470) thrown at [C:\re\workspace\8-2-build-windows-amd64-cygwin\jdk8u231\13620\hotspot\src\share\vm\classfile\systemDictionary.cpp, line 210]
Event: 16.708 Thread 0x00000000033d9000 Exception <a 'java/lang/ClassNotFoundException': org/mybatis/spring/SqlSessionTemplateCustomizer> (0x00000000dbdaba38) thrown at [C:\re\workspace\8-2-build-windows-amd64-cygwin\jdk8u231\13620\hotspot\src\share\vm\classfile\systemDictionary.cpp, line 210]
Event: 16.712 Thread 0x00000000033d9000 Exception <a 'java/lang/ClassNotFoundException': org/apache/ibatis/session/SqlSessionCustomizer> (0x00000000dbdfb360) thrown at [C:\re\workspace\8-2-build-windows-amd64-cygwin\jdk8u231\13620\hotspot\src\share\vm\classfile\systemDictionary.cpp, line 210]
Event: 16.724 Thread 0x00000000033d9000 Exception <a 'java/lang/ClassNotFoundException': org/springframework/beans/factory/DisposableBeanCustomizer> (0x00000000dbe370e0) thrown at [C:\re\workspace\8-2-build-windows-amd64-cygwin\jdk8u231\13620\hotspot\src\share\vm\classfile\systemDictionary.cpp,
Event: 16.969 Thread 0x00000000033d9000 Implicit null exception at 0x00000000038b4996 to 0x00000000038b4d29

Events (10 events):
Event: 17.699 loading class java/io/OptionalDataException
Event: 17.699 loading class java/io/OptionalDataException done
Event: 17.700 Thread 0x00000000033d9000 Uncommon trap: trap_request=0xffffff65 fr.pc=0x00000000040b5bb8
Event: 17.700 Thread 0x00000000033d9000 DEOPT PACKING pc=0x00000000040b5bb8 sp=0x00000000033cce00
Event: 17.700 Thread 0x00000000033d9000 DEOPT UNPACKING pc=0x00000000036b583b sp=0x00000000033ccd98 mode 2
Event: 17.701 Thread 0x00000000033d9000 Uncommon trap: trap_request=0xffffffde fr.pc=0x000000000407af1c
Event: 17.701 Thread 0x00000000033d9000 DEOPT PACKING pc=0x000000000407af1c sp=0x00000000033ccea0
Event: 17.701 Thread 0x00000000033d9000 DEOPT UNPACKING pc=0x00000000036b583b sp=0x00000000033ccec8 mode 2
Event: 17.702 loading class com/example/springboot/entity/Station
Event: 17.702 loading class com/example/springboot/entity/Station done


Dynamic libraries:
0x00007ff7237e0000 - 0x00007ff723817000 	C:\Program Files\Java\jdk1.8.0_231\bin\java.exe
0x00007ffcaba20000 - 0x00007ffcabc10000 	C:\WINDOWS\SYSTEM32\ntdll.dll
0x00007ffcaa650000 - 0x00007ffcaa702000 	C:\WINDOWS\System32\KERNEL32.DLL
0x00007ffca9600000 - 0x00007ffca98a3000 	C:\WINDOWS\System32\KERNELBASE.dll
0x00007ffca9bd0000 - 0x00007ffca9c73000 	C:\WINDOWS\System32\ADVAPI32.dll
0x00007ffcaa5b0000 - 0x00007ffcaa64e000 	C:\WINDOWS\System32\msvcrt.dll
0x00007ffcab130000 - 0x00007ffcab1c7000 	C:\WINDOWS\System32\sechost.dll
0x00007ffcaa3a0000 - 0x00007ffcaa4c0000 	C:\WINDOWS\System32\RPCRT4.dll
0x00007ffcab1d0000 - 0x00007ffcab364000 	C:\WINDOWS\System32\USER32.dll
0x00007ffca98b0000 - 0x00007ffca98d1000 	C:\WINDOWS\System32\win32u.dll
0x00007ffcaa570000 - 0x00007ffcaa596000 	C:\WINDOWS\System32\GDI32.dll
0x00007ffca98e0000 - 0x00007ffca9a74000 	C:\WINDOWS\System32\gdi32full.dll
0x00007ffca9450000 - 0x00007ffca94ee000 	C:\WINDOWS\System32\msvcp_win.dll
0x00007ffca89b0000 - 0x00007ffca8aaa000 	C:\WINDOWS\System32\ucrtbase.dll
0x00007ffc94830000 - 0x00007ffc94ab5000 	C:\WINDOWS\WinSxS\amd64_microsoft.windows.common-controls_6595b64144ccf1df_6.0.18362.778_none_e6c6b761130d4fb8\COMCTL32.dll
0x00007ffcab5f0000 - 0x00007ffcab926000 	C:\WINDOWS\System32\combase.dll
0x00007ffca9380000 - 0x00007ffca9400000 	C:\WINDOWS\System32\bcryptPrimitives.dll
0x00007ffca9ad0000 - 0x00007ffca9afe000 	C:\WINDOWS\System32\IMM32.DLL
0x0000000076800000 - 0x00000000768d2000 	C:\Program Files\Java\jdk1.8.0_231\jre\bin\msvcr100.dll
0x0000000074690000 - 0x0000000074f36000 	C:\Program Files\Java\jdk1.8.0_231\jre\bin\server\jvm.dll
0x00007ffcaa710000 - 0x00007ffcaa718000 	C:\WINDOWS\System32\PSAPI.DLL
0x00007ffc91770000 - 0x00007ffc91779000 	C:\WINDOWS\SYSTEM32\WSOCK32.dll
0x00007ffcaa1d0000 - 0x00007ffcaa23f000 	C:\WINDOWS\System32\WS2_32.dll
0x00007ffca54d0000 - 0x00007ffca54f4000 	C:\WINDOWS\SYSTEM32\WINMM.dll
0x00007ffc94ac0000 - 0x00007ffc94aca000 	C:\WINDOWS\SYSTEM32\VERSION.dll
0x00007ffca54a0000 - 0x00007ffca54cd000 	C:\WINDOWS\SYSTEM32\WINMMBASE.dll
0x00007ffca9400000 - 0x00007ffca944a000 	C:\WINDOWS\System32\cfgmgr32.dll
0x00007ffca3280000 - 0x00007ffca328f000 	C:\Program Files\Java\jdk1.8.0_231\jre\bin\verify.dll
0x00007ffca25a0000 - 0x00007ffca25c9000 	C:\Program Files\Java\jdk1.8.0_231\jre\bin\java.dll
0x00007ffc9ba70000 - 0x00007ffc9ba93000 	C:\Program Files\Java\jdk1.8.0_231\jre\bin\instrument.dll
0x00007ffca2d00000 - 0x00007ffca2d16000 	C:\Program Files\Java\jdk1.8.0_231\jre\bin\zip.dll
0x00007ffcaa960000 - 0x00007ffcab045000 	C:\WINDOWS\System32\SHELL32.dll
0x00007ffcab930000 - 0x00007ffcab9d9000 	C:\WINDOWS\System32\shcore.dll
0x00007ffca8ab0000 - 0x00007ffca9230000 	C:\WINDOWS\System32\windows.storage.dll
0x00007ffca8980000 - 0x00007ffca89a3000 	C:\WINDOWS\System32\profapi.dll
0x00007ffca88f0000 - 0x00007ffca893a000 	C:\WINDOWS\System32\powrprof.dll
0x00007ffca88e0000 - 0x00007ffca88f0000 	C:\WINDOWS\System32\UMPDC.dll
0x00007ffca9c80000 - 0x00007ffca9cd2000 	C:\WINDOWS\System32\shlwapi.dll
0x00007ffca8960000 - 0x00007ffca8971000 	C:\WINDOWS\System32\kernel.appcore.dll
0x00007ffca9a80000 - 0x00007ffca9a97000 	C:\WINDOWS\System32\cryptsp.dll
0x00007ffca1e20000 - 0x00007ffca1e3a000 	D:\Software\IDEA\IntelliJ IDEA 2020.1.1\bin\breakgen64.dll
0x00007ffc9d120000 - 0x00007ffc9d13a000 	C:\Program Files\Java\jdk1.8.0_231\jre\bin\net.dll
0x00007ffca80f0000 - 0x00007ffca8157000 	C:\WINDOWS\system32\mswsock.dll
0x00007ffc9b9d0000 - 0x00007ffc9b9e2000 	C:\Program Files\Java\jdk1.8.0_231\jre\bin\nio.dll
0x00007ffca2270000 - 0x00007ffca227d000 	C:\Program Files\Java\jdk1.8.0_231\jre\bin\management.dll
0x00007ffc8ad30000 - 0x00007ffc8ad46000 	C:\WINDOWS\system32\napinsp.dll
0x00007ffc8ad10000 - 0x00007ffc8ad2a000 	C:\WINDOWS\system32\pnrpnsp.dll
0x00007ffca7e40000 - 0x00007ffca7f0a000 	C:\WINDOWS\SYSTEM32\DNSAPI.dll
0x00007ffcaa720000 - 0x00007ffcaa728000 	C:\WINDOWS\System32\NSI.dll
0x00007ffca7e00000 - 0x00007ffca7e3a000 	C:\WINDOWS\SYSTEM32\IPHLPAPI.DLL
0x00007ffc8e620000 - 0x00007ffc8e62e000 	C:\WINDOWS\System32\winrnr.dll
0x00007ffc9e670000 - 0x00007ffc9e68c000 	C:\WINDOWS\system32\NLAapi.dll
0x00007ffca3e30000 - 0x00007ffca3e45000 	C:\WINDOWS\system32\wshbth.dll
0x00007ffc95140000 - 0x00007ffc9514a000 	C:\Windows\System32\rasadhlp.dll
0x00007ffc9bbd0000 - 0x00007ffc9bc47000 	C:\WINDOWS\System32\fwpuclnt.dll
0x00007ffca9aa0000 - 0x00007ffca9ac6000 	C:\WINDOWS\System32\bcrypt.dll
0x00007ffc9bdf0000 - 0x00007ffc9be06000 	C:\WINDOWS\SYSTEM32\dhcpcsvc6.DLL
0x00007ffc9bed0000 - 0x00007ffc9beec000 	C:\WINDOWS\SYSTEM32\dhcpcsvc.DLL

VM Arguments:
jvm_args: -ea -Didea.test.cyclic.buffer.size=1048576 -javaagent:D:\Software\IDEA\IntelliJ IDEA 2020.1.1\lib\idea_rt.jar=62660:D:\Software\IDEA\IntelliJ IDEA 2020.1.1\bin -Dfile.encoding=UTF-8 
java_command: com.intellij.rt.junit.JUnitStarter -ideVersion5 -junit4 com.example.springboot.RetrieveTest,addUser
java_class_path (initial): D:\Software\IDEA\IntelliJ IDEA 2020.1.1\lib\idea_rt.jar;D:\Software\IDEA\IntelliJ IDEA 2020.1.1\plugins\junit\lib\junit5-rt.jar;D:\Software\IDEA\IntelliJ IDEA 2020.1.1\plugins\junit\lib\junit-rt.jar;C:\Program Files\Java\jdk1.8.0_231\jre\lib\charsets.jar;C:\Program Files\Java\jdk1.8.0_231\jre\lib\deploy.jar;C:\Program Files\Java\jdk1.8.0_231\jre\lib\ext\access-bridge-64.jar;C:\Program Files\Java\jdk1.8.0_231\jre\lib\ext\cldrdata.jar;C:\Program Files\Java\jdk1.8.0_231\jre\lib\ext\dnsns.jar;C:\Program Files\Java\jdk1.8.0_231\jre\lib\ext\jaccess.jar;C:\Program Files\Java\jdk1.8.0_231\jre\lib\ext\jfxrt.jar;C:\Program Files\Java\jdk1.8.0_231\jre\lib\ext\localedata.jar;C:\Program Files\Java\jdk1.8.0_231\jre\lib\ext\nashorn.jar;C:\Program Files\Java\jdk1.8.0_231\jre\lib\ext\sunec.jar;C:\Program Files\Java\jdk1.8.0_231\jre\lib\ext\sunjce_provider.jar;C:\Program Files\Java\jdk1.8.0_231\jre\lib\ext\sunmscapi.jar;C:\Program Files\Java\jdk1.8.0_231\jre\lib\ext\sunpkcs11.jar;C:\Program Files\Java\jdk1.8.0_231\jre\lib\ext\zipfs.jar;C:\Program Files\Java\jdk1.8.0_231\jre\lib\javaws.jar;C:\Program Files\Java\jdk1.8.0_231\jre\lib\jce.jar;C:\Program Files\Java\jdk1.8.0_231\jre\lib\jfr.jar;C:\Program Files\Java\jdk1.8.0_231\jre\lib\jfxswt.jar;C:\Program Files\Java\jdk1.8.0_231\jre\lib\jsse.jar;C:\Program Files\Java\jdk1.8.0_231\jre\lib\management-agent.jar;C:\Program Files\Java\jdk1.8.0_231\jre\lib\plugin.jar;C:\Program Files\Java\jdk1.8.0_231\jre\lib\resources.jar;C:\Program Files\Java\jdk1.8.0_231\jre\lib\rt.jar;C:\Users\75429\IdeaProjects\springboot\target\test-classes;C:\Users\75429\IdeaProjects\springboot\target\classes;C:\Users\75429\.m2\repository\com\baomidou\mybatis-plus-generator\3.3.1.tmp\mybatis-plus-generator-3.3.1.tmp.jar;C:\Users\75429\.m2\repository\com\baomidou\mybatis-plus-extension\3.3.1.tmp\mybatis-plus-extension-3.3.1.tmp.jar;C:\Users\75429\.m2\repository\com\baomidou\mybatis-plus-core\3.3.1.tmp\mybatis-plus-core-3.3.1.tmp.jar;C:\Users
Launcher Type: SUN_STANDARD

Environment Variables:
JAVA_HOME=C:\Program Files\Java\jdk-10.0.2
CLASSPATH=.;C:\Program Files\Java\jdk-10.0.2\lib\dt.jar;C:\Program Files\Java\jdk-10.0.2\lib\tools.jar;
PATH=C:\Program Files (x86)\Common Files\Oracle\Java\javapath;C:\Program Files (x86)\Intel\iCLS Client\;C:\Program Files\Intel\iCLS Client\;C:\WINDOWS\system32;C:\WINDOWS;C:\WINDOWS\System32\Wbem;C:\WINDOWS\System32\WindowsPowerShell\v1.0\;C:\Program Files (x86)\Intel\Intel(R) Management Engine Components\DAL;C:\Program Files\Intel\Intel(R) Management Engine Components\DAL;C:\Program Files (x86)\Intel\Intel(R) Management Engine Components\IPT;C:\Program Files\Intel\Intel(R) Management Engine Components\IPT;C:\WINDOWS\System32\OpenSSH\;C:\Program Files\Java\jdk-10.0.2\bin;C:\Program Files\Java\jdk-10.0.2\jre\bin;C:\Program Files\Intel\WiFi\bin\;C:\Program Files\Common Files\Intel\WirelessCommon\;C:\Users\75429\AppData\Local\Programs\Python;C:\Users\75429\AppData\Local\Programs\Inno Setup 6;D:\Software\Git\cmd;D:\Software\sqlite;C:\Users\75429\AppData\Local\Programs\Python\Python38\Scripts\;C:\Users\75429\AppData\Local\Programs\Python\Python38\;C:\Users\75429\AppData\Local\Microsoft\WindowsApps;C:\Program Files\JetBrains\IntelliJ IDEA Community Edition 2018.3.4\bin;C:\Users\75429\AppData\Local\BypassRuntm;D:\Software\DataGrip 2019.3.3\bin;;D:\Software\Microsoft VS Code\bin;D:\Software\CLion 2019.3.4\bin;;D:\Software\cygwin64\bin;;D:\Software\PyCharm\PyCharm 2019.3.3\bin;;D:\Software\IDEA\IntelliJ IDEA 2020.1.1\bin;
USERNAME=75429
OS=Windows_NT
PROCESSOR_IDENTIFIER=Intel64 Family 6 Model 142 Stepping 9, GenuineIntel



---------------  S Y S T E M  ---------------

OS: Windows 10.0 , 64 bit Build 18362 (10.0.18362.778)

CPU:total 4 (initial active 4) (2 cores per cpu, 2 threads per core) family 6 model 142 stepping 9, cmov, cx8, fxsr, mmx, sse, sse2, sse3, ssse3, sse4.1, sse4.2, popcnt, avx, avx2, aes, clmul, erms, 3dnowpref, lzcnt, ht, tsc, tscinvbit, bmi1, bmi2, adx

Memory: 4k page, physical 8219368k(398068k free), swap 18705124k(5272k free)

vm_info: Java HotSpot(TM) 64-Bit Server VM (25.231-b11) for windows-amd64 JRE (1.8.0_231-b11), built on Oct  5 2019 03:11:30 by "java_re" with MS VC++ 10.0 (VS2010)

time: Mon May 18 18:37:06 2020
timezone: 中国标准时间
elapsed time: 17 seconds (0d 0h 0m 17s)

